Copyright 1986-2014 Xilinx, Inc. All Rights Reserved.
-------------------------------------------------------------------------------------
| Tool Version : Vivado v.2014.4 (win64) Build 1071353 Tue Nov 18 18:29:27 MST 2014
| Date         : Wed May 20 18:51:43 2015
| Host         : MECHA-9 running 64-bit Service Pack 1  (build 7601)
| Command      : report_clock_utilization -file lab5top_clock_utilization_placed.rpt
| Design       : lab5top
| Device       : xc7a35t
-------------------------------------------------------------------------------------

Clock Utilization Report

Table of Contents
-----------------
1. Clock Primitive Utilization
2. Details of Global Clocks
3. Details of Regional Clocks
4. Details of Multi-Regional Clocks
5. Details of I/O Clocks
6. Details of Local Clocks
7. Clock Regions : Key Resource Utilization
8. Net wise resources used in clock region X1Y0
9. Net wise resources used in clock region X0Y1
10. Net wise resources used in clock region X1Y1
11. Net wise resources used in clock region X0Y2
12. Net wise resources used in clock region X1Y2

1. Clock Primitive Utilization
------------------------------

+-------+------+-----------+-----------+
| Type  | Used | Available | Num Fixed |
+-------+------+-----------+-----------+
| BUFG  |    3 |        32 |         0 |
| BUFH  |    0 |        72 |         0 |
| BUFIO |    0 |        20 |         0 |
| MMCM  |    1 |         5 |         0 |
| PLL   |    0 |         5 |         0 |
| BUFR  |    0 |        20 |         0 |
| BUFMR |    0 |        10 |         0 |
+-------+------+-----------+-----------+


2. Details of Global Clocks
---------------------------

+-------+---------------------+--------------------------------+--------------+-------+---------------+-----------+
|       |                     |                                |   Num Loads  |       |               |           |
+-------+---------------------+--------------------------------+------+-------+-------+---------------+-----------+
| Index | BUFG Cell           | Net Name                       | BELs | Sites | Fixed | MaxDelay (ns) | Skew (ns) |
+-------+---------------------+--------------------------------+------+-------+-------+---------------+-----------+
|     1 | MMCM/U0/clkf_buf    | MMCM/U0/clkfbout_buf_clk_wiz_0 |    1 |     1 |    no |         1.636 |     0.082 |
|     2 | MMCM/U0/clkout1_buf | MMCM/U0/cm_clkout1             |   56 |    18 |    no |         2.783 |     1.221 |
|     3 | clk_BUFG_inst       | clk_BUFG                       | 4095 |  1109 |    no |         1.894 |     0.402 |
+-------+---------------------+--------------------------------+------+-------+-------+---------------+-----------+


+-------+-----------------------+------------------------------+--------------+-------+---------------+-----------+
|       |                       |                              |   Num Loads  |       |               |           |
+-------+-----------------------+------------------------------+------+-------+-------+---------------+-----------+
| Index | MMCM Cell             | Net Name                     | BELs | Sites | Fixed | MaxDelay (ns) | Skew (ns) |
+-------+-----------------------+------------------------------+------+-------+-------+---------------+-----------+
|     1 | MMCM/U0/mmcm_adv_inst | MMCM/U0/clkfbout_clk_wiz_0   |    1 |     1 |    no |         1.661 |     0.083 |
|     2 | MMCM/U0/mmcm_adv_inst | MMCM/U0/cm_clkout1_clk_wiz_0 |    1 |     1 |    no |         1.661 |     0.083 |
+-------+-----------------------+------------------------------+------+-------+-------+---------------+-----------+


3. Details of Regional Clocks
-----------------------------

4. Details of Multi-Regional Clocks
-----------------------------------

5. Details of I/O Clocks
------------------------

6. Details of Local Clocks
--------------------------

+-------+----------------------------------------------------------------------------------------------------------------------------------------------------+----------------------------------------------------------------------------------------------------------------------+--------------+-------+---------------+-----------+
|       |                                                                                                                                                    |                                                                                                                      |   Num Loads  |       |               |           |
+-------+----------------------------------------------------------------------------------------------------------------------------------------------------+----------------------------------------------------------------------------------------------------------------------+------+-------+-------+---------------+-----------+
| Index | Local Clk Src                                                                                                                                      | Net Name                                                                                                             | BELs | Sites | Fixed | MaxDelay (ns) | Skew (ns) |
+-------+----------------------------------------------------------------------------------------------------------------------------------------------------+----------------------------------------------------------------------------------------------------------------------+------+-------+-------+---------------+-----------+
|     1 | ModemTransmitter/PulseShaper_I/FIR/U0/i_synth/g_polyphase_interpolation.i_polyphase_interpolation/g_m_data_chan_no_fifo.m_axis_data_tvalid_int_reg | ModemTransmitter/PulseShaper_I/FIR/U0/i_synth/g_polyphase_interpolation.i_polyphase_interpolation/m_axis_data_tvalid | 3363 |   877 |    no |         3.662 |     2.867 |
+-------+----------------------------------------------------------------------------------------------------------------------------------------------------+----------------------------------------------------------------------------------------------------------------------+------+-------+-------+---------------+-----------+


7. Clock Regions : Key Resource Utilization
-------------------------------------------

+-------------------+--------------+--------------+--------------+--------------+--------------+--------------+--------------+--------------+--------------+--------------+--------------+--------------+--------------+--------------+--------------+
|                   | Global Clock |     BUFRs    |    BUFMRs    |    BUFIOs    |     MMCM     |      PLL     |      GT      |      PCI     |    ILOGIC    |    OLOGIC    |      FF      |     LUTM     |    RAMB18    |    RAMB36    |    DSP48E1   |
+-------------------+------+-------+------+-------+------+-------+------+-------+------+-------+------+-------+------+-------+------+-------+------+-------+------+-------+------+-------+------+-------+------+-------+------+-------+------+-------+
| Clock Region Name | Used | Avail | Used | Avail | Used | Avail | Used | Avail | Used | Avail | Used | Avail | Used | Avail | Used | Avail | Used | Avail | Used | Avail | Used | Avail | Used | Avail | Used | Avail | Used | Avail | Used | Avail |
+-------------------+------+-------+------+-------+------+-------+------+-------+------+-------+------+-------+------+-------+------+-------+------+-------+------+-------+------+-------+------+-------+------+-------+------+-------+------+-------+
| X0Y0              |    0 |    12 |    0 |     4 |    0 |     2 |    0 |     4 |    0 |     1 |    0 |     1 |    0 |     0 |    0 |     0 |    0 |    50 |    0 |    50 |    0 |  9600 |    0 |  1600 |    0 |    20 |    0 |    10 |    0 |    20 |
| X1Y0              |    3 |    12 |    0 |     4 |    0 |     2 |    0 |     4 |    1 |     1 |    0 |     1 |    0 |     0 |    0 |     0 |    0 |    50 |    0 |    50 |  622 | 12000 |  108 |  1800 |    1 |    40 |    0 |    20 |    6 |    20 |
| X0Y1              |    1 |    12 |    0 |     4 |    0 |     2 |    0 |     4 |    0 |     1 |    0 |     1 |    0 |     0 |    0 |     0 |    0 |    50 |    0 |    50 |  712 |  9600 |    4 |  1600 |    0 |    20 |    4 |    10 |    7 |    20 |
| X1Y1              |    2 |    12 |    0 |     4 |    0 |     2 |    0 |     4 |    0 |     1 |    0 |     1 |    0 |     0 |    0 |     0 |    0 |    50 |    0 |    50 | 2469 | 12000 |    0 |  1800 |    3 |    40 |    3 |    20 |    2 |    20 |
| X0Y2              |    1 |    12 |    0 |     4 |    0 |     2 |    0 |     4 |    0 |     1 |    0 |     1 |    0 |     0 |    0 |     0 |    0 |    50 |    0 |    50 |  191 | 14400 |    0 |  1600 |    0 |    20 |    0 |    10 |    0 |    20 |
| X1Y2              |    1 |    12 |    0 |     0 |    0 |     0 |    0 |     0 |    0 |     0 |    0 |     0 |    0 |     5 |    0 |     1 |    0 |     0 |    0 |     0 |  175 |  7600 |    0 |  1200 |    0 |    10 |    0 |     5 |    0 |    20 |
+-------------------+------+-------+------+-------+------+-------+------+-------+------+-------+------+-------+------+-------+------+-------+------+-------+------+-------+------+-------+------+-------+------+-------+------+-------+------+-------+
* RAMB36 site can be used as two RAMB18/FIFO18 sites


8. Net wise resources used in clock region X1Y0
-----------------------------------------------

+-------------+-------------+-------+-----------+----------+---------+-----------+---------+---------+-----+-------+----------+--------------------------------+
| Source Type | BUFHCE Site | Fixed | MMCM Pins | PLL Pins | GT Pins | BRAM Pins | ILOGICs | OLOGICs | FFs | LUTMs | DSP48E1s |         Clock Net Name         |
+-------------+-------------+-------+-----------+----------+---------+-----------+---------+---------+-----+-------+----------+--------------------------------+
| BUFG        |     ---     |   no  |         1 |        0 |       0 |         0 |       0 |       0 |   0 |     0 |        0 | MMCM/U0/clkfbout_buf_clk_wiz_0 |
| BUFG        |     ---     |   no  |         0 |        0 |       0 |         0 |       0 |       0 |  23 |     0 |        0 | MMCM/U0/cm_clkout1             |
| BUFG        |     ---     |   no  |         1 |        0 |       0 |         0 |       0 |       0 | 443 |   106 |        6 | clk_BUFG                       |
+-------------+-------------+-------+-----------+----------+---------+-----------+---------+---------+-----+-------+----------+--------------------------------+


9. Net wise resources used in clock region X0Y1
-----------------------------------------------

+-------------+-------------+-------+-----------+----------+---------+-----------+---------+---------+-----+-------+----------+----------------+
| Source Type | BUFHCE Site | Fixed | MMCM Pins | PLL Pins | GT Pins | BRAM Pins | ILOGICs | OLOGICs | FFs | LUTMs | DSP48E1s | Clock Net Name |
+-------------+-------------+-------+-----------+----------+---------+-----------+---------+---------+-----+-------+----------+----------------+
| BUFG        |     ---     |   no  |         0 |        0 |       0 |         8 |       0 |       0 | 712 |     4 |        7 | clk_BUFG       |
+-------------+-------------+-------+-----------+----------+---------+-----------+---------+---------+-----+-------+----------+----------------+


10. Net wise resources used in clock region X1Y1
------------------------------------------------

+-------------+-------------+-------+-----------+----------+---------+-----------+---------+---------+------+-------+----------+--------------------+
| Source Type | BUFHCE Site | Fixed | MMCM Pins | PLL Pins | GT Pins | BRAM Pins | ILOGICs | OLOGICs |  FFs | LUTMs | DSP48E1s |   Clock Net Name   |
+-------------+-------------+-------+-----------+----------+---------+-----------+---------+---------+------+-------+----------+--------------------+
| BUFG        |     ---     |   no  |         0 |        0 |       0 |         0 |       0 |       0 |   31 |     0 |        0 | MMCM/U0/cm_clkout1 |
| BUFG        |     ---     |   no  |         0 |        0 |       0 |        12 |       0 |       0 | 2438 |     0 |        2 | clk_BUFG           |
+-------------+-------------+-------+-----------+----------+---------+-----------+---------+---------+------+-------+----------+--------------------+


11. Net wise resources used in clock region X0Y2
------------------------------------------------

+-------------+-------------+-------+-----------+----------+---------+-----------+---------+---------+-----+-------+----------+----------------+
| Source Type | BUFHCE Site | Fixed | MMCM Pins | PLL Pins | GT Pins | BRAM Pins | ILOGICs | OLOGICs | FFs | LUTMs | DSP48E1s | Clock Net Name |
+-------------+-------------+-------+-----------+----------+---------+-----------+---------+---------+-----+-------+----------+----------------+
| BUFG        |     ---     |   no  |         0 |        0 |       0 |         0 |       0 |       0 | 191 |     0 |        0 | clk_BUFG       |
+-------------+-------------+-------+-----------+----------+---------+-----------+---------+---------+-----+-------+----------+----------------+


12. Net wise resources used in clock region X1Y2
------------------------------------------------

+-------------+-------------+-------+-----------+----------+---------+-----------+---------+---------+-----+-------+----------+----------------+
| Source Type | BUFHCE Site | Fixed | MMCM Pins | PLL Pins | GT Pins | BRAM Pins | ILOGICs | OLOGICs | FFs | LUTMs | DSP48E1s | Clock Net Name |
+-------------+-------------+-------+-----------+----------+---------+-----------+---------+---------+-----+-------+----------+----------------+
| BUFG        |     ---     |   no  |         0 |        0 |       0 |         0 |       0 |       0 | 175 |     0 |        0 | clk_BUFG       |
+-------------+-------------+-------+-----------+----------+---------+-----------+---------+---------+-----+-------+----------+----------------+



# Location of BUFG Primitives 
set_property LOC BUFGCTRL_X0Y2 [get_cells MMCM/U0/clkf_buf]
set_property LOC BUFGCTRL_X0Y0 [get_cells MMCM/U0/clkout1_buf]
set_property LOC BUFGCTRL_X0Y1 [get_cells clk_BUFG_inst]

# Location of IO Clock Primitives

# Location of MMCM Clock Primitives
set_property LOC MMCME2_ADV_X1Y0 [get_cells MMCM/U0/mmcm_adv_inst]

# Location of BUFH Clock Primitives

# Location of BUFR Clock Primitives

# Location of BUFMR Clock Primitives

# Location of PLL Clock Primitives

# Location of IO Primitives which is load of clock spine
set_property LOC IOB_X1Y80 [get_cells ADC_spi_sclk_OBUF_inst]
set_property LOC IOB_X1Y97 [get_cells DAC_spi_sclk_OBUF_inst]

# Location of clock ports
set_property LOC IOB_X1Y26 [get_ports clk]

# Clock net "MMCM/U0/cm_clkout1" driven by instance "MMCM/U0/clkout1_buf" located at site "BUFGCTRL_X0Y0"
#startgroup
create_pblock CLKAG_MMCM/U0/cm_clkout1
add_cells_to_pblock [get_pblocks  CLKAG_MMCM/U0/cm_clkout1] [get_cells  -filter { IS_PRIMITIVE==1 && PRIMITIVE_LEVEL !=INTERNAL && NAME!=DAC_spi_sclk_OBUF_inst && NAME!=ADC_spi_sclk_OBUF_inst} -of_object [get_pins -filter {DIRECTION==IN} -of_objects [get_nets -hierarchical -filter {PARENT=="MMCM/U0/cm_clkout1"}]]]
resize_pblock [get_pblocks CLKAG_MMCM/U0/cm_clkout1] -add {CLOCKREGION_X0Y0:CLOCKREGION_X0Y0 CLOCKREGION_X0Y1:CLOCKREGION_X0Y1 CLOCKREGION_X0Y2:CLOCKREGION_X0Y2 CLOCKREGION_X1Y0:CLOCKREGION_X1Y0 CLOCKREGION_X1Y1:CLOCKREGION_X1Y1 CLOCKREGION_X1Y2:CLOCKREGION_X1Y2}
#endgroup

# Clock net "ModemTransmitter/PulseShaper_I/FIR/U0/i_synth/g_polyphase_interpolation.i_polyphase_interpolation/m_axis_data_tvalid" driven by instance "ModemTransmitter/PulseShaper_I/FIR/U0/i_synth/g_polyphase_interpolation.i_polyphase_interpolation/g_m_data_chan_no_fifo.m_axis_data_tvalid_int_reg" located at site "SLICE_X55Y27"
#startgroup
create_pblock CLKAG_ModemTransmitter/PulseShaper_I/FIR/U0/i_synth/g_polyphase_interpolation.i_polyphase_interpolation/m_axis_data_tvalid
add_cells_to_pblock [get_pblocks  CLKAG_ModemTransmitter/PulseShaper_I/FIR/U0/i_synth/g_polyphase_interpolation.i_polyphase_interpolation/m_axis_data_tvalid] [get_cells  -filter { IS_PRIMITIVE==1 && PRIMITIVE_LEVEL !=INTERNAL } -of_object [get_pins -filter {DIRECTION==IN} -of_objects [get_nets -hierarchical -filter {PARENT=="ModemTransmitter/PulseShaper_I/FIR/U0/i_synth/g_polyphase_interpolation.i_polyphase_interpolation/m_axis_data_tvalid"}]]]
resize_pblock [get_pblocks CLKAG_ModemTransmitter/PulseShaper_I/FIR/U0/i_synth/g_polyphase_interpolation.i_polyphase_interpolation/m_axis_data_tvalid] -add {CLOCKREGION_X0Y0:CLOCKREGION_X0Y0 CLOCKREGION_X0Y1:CLOCKREGION_X0Y1 CLOCKREGION_X0Y2:CLOCKREGION_X0Y2 CLOCKREGION_X1Y0:CLOCKREGION_X1Y0 CLOCKREGION_X1Y1:CLOCKREGION_X1Y1 CLOCKREGION_X1Y2:CLOCKREGION_X1Y2}
#endgroup

# Clock net "clk_BUFG" driven by instance "clk_BUFG_inst" located at site "BUFGCTRL_X0Y1"
#startgroup
create_pblock CLKAG_clk_BUFG
add_cells_to_pblock [get_pblocks  CLKAG_clk_BUFG] [get_cells  -filter { IS_PRIMITIVE==1 && PRIMITIVE_LEVEL !=INTERNAL && NAME!=MMCM/U0/mmcm_adv_inst} -of_object [get_pins -filter {DIRECTION==IN} -of_objects [get_nets -hierarchical -filter {PARENT=="clk_BUFG"}]]]
resize_pblock [get_pblocks CLKAG_clk_BUFG] -add {CLOCKREGION_X0Y0:CLOCKREGION_X0Y0 CLOCKREGION_X0Y1:CLOCKREGION_X0Y1 CLOCKREGION_X0Y2:CLOCKREGION_X0Y2 CLOCKREGION_X1Y0:CLOCKREGION_X1Y0 CLOCKREGION_X1Y1:CLOCKREGION_X1Y1 CLOCKREGION_X1Y2:CLOCKREGION_X1Y2}
#endgroup
